[1746585601.614][INFO]: Starting ChromeDriver 136.0.7103.92 (cb81a4cc5087a8303a6c8827ee2b80b71d26e334-refs/branch-heads/7103@{#1840}) on port 50998
[1746585601.614][INFO]: Please see https://chromedriver.chromium.org/security-considerations for suggestions on keeping ChromeDriver safe.
[1746585601.635][INFO]: ChromeDriver was started successfully on port 50998
[1746585601.659][INFO]: [8f406c4e2b1aac27362d426f6d0a0e71] COMMAND InitSession {
   "capabilities": {
      "firstMatch": [ {
         "browserName": "chrome",
         "goog:chromeOptions": {
            "args": [ "--start-maximized" ],
            "binary": "/Applications/Google Chrome.app/Contents/MacOS/Google Chrome"
         }
      } ]
   }
}
[1746585601.660][INFO]: Populating Preferences file: {
   "alternate_error_pages": {
      "enabled": false
   },
   "autofill": {
      "enabled": false
   },
   "browser": {
      "check_default_browser": false
   },
   "distribution": {
      "import_bookmarks": false,
      "import_history": false,
      "import_search_engine": false,
      "make_chrome_default_for_user": false,
      "skip_first_run_ui": true
   },
   "dns_prefetching": {
      "enabled": false
   },
   "profile": {
      "content_settings": {
         "pattern_pairs": {
            "https://*,*": {
               "media-stream": {
                  "audio": "Default",
                  "video": "Default"
               }
            }
         }
      },
      "default_content_setting_values": {
         "geolocation": 1
      },
      "default_content_settings": {
         "geolocation": 1,
         "mouselock": 1,
         "notifications": 1,
         "popups": 1,
         "ppapi-broker": 1
      },
      "password_manager_enabled": false
   },
   "safebrowsing": {
      "enabled": false
   },
   "search": {
      "suggest_enabled": false
   },
   "translate": {
      "enabled": false
   }
}
[1746585601.660][INFO]: Populating Local State file: {
   "background_mode": {
      "enabled": false
   },
   "ssl": {
      "rev_checking": {
         "enabled": false
      }
   }
}
[1746585601.660][INFO]: ChromeDriver supports communication with Chrome via pipes. This is more reliable and more secure.
[1746585601.660][INFO]: Use the --remote-debugging-pipe Chrome switch instead of the default --remote-debugging-port to enable this communication mode.
[1746585601.660][INFO]: Launching chrome: /Applications/Google Chrome.app/Contents/MacOS/Google Chrome --allow-pre-commit-input --disable-background-networking --disable-client-side-phishing-detection --disable-default-apps --disable-hang-monitor --disable-popup-blocking --disable-prompt-on-repost --disable-sync --enable-automation --enable-logging --log-level=0 --no-first-run --no-service-autorun --password-store=basic --remote-debugging-port=0 --start-maximized --test-type=webdriver --use-mock-keychain --user-data-dir=/var/folders/dy/8cn77z1s0_l2dz7q_3qr3j2c0000gn/T/.org.chromium.Chromium.PvZUsd data:,

DevTools listening on ws://127.0.0.1:51006/devtools/browser/bd678ccd-2940-4f13-afdb-72aa45308762
[1746585601.984][DEBUG]: DevTools HTTP Request: http://localhost:51006/json/version
[1746585602.299][DEBUG]: DevTools HTTP Response: {
   "Browser": "Chrome/136.0.7103.49",
   "Protocol-Version": "1.3",
   "User-Agent": "Mozilla/5.0 (Macintosh; Intel Mac OS X 10_15_7) AppleWebKit/537.36 (KHTML, like Gecko) Chrome/136.0.0.0 Safari/537.36",
   "V8-Version": "13.6.233.8",
   "WebKit-Version": "537.36 (@031848bc6ad02b97854f3d6154d3aefd0434756a)",
   "webSocketDebuggerUrl": "ws://localhost:51006/devtools/browser/bd678ccd-2940-4f13-afdb-72aa45308762"
}

[1746585602.299][DEBUG]: DevTools HTTP Request: http://localhost:51006/json/list
[1746585602.302][DEBUG]: DevTools HTTP Response: [ {
   "description": "",
   "devtoolsFrontendUrl": "https://chrome-devtools-frontend.appspot.com/serve_rev/@031848bc6ad02b97854f3d6154d3aefd0434756a/inspector.html?ws=localhost:51006/devtools/page/B1B46EBFDF086263709CE53F61DFB105",
   "id": "B1B46EBFDF086263709CE53F61DFB105",
   "title": "",
   "type": "page",
   "url": "data:,",
   "webSocketDebuggerUrl": "ws://localhost:51006/devtools/page/B1B46EBFDF086263709CE53F61DFB105"
} ]

[1746585602.310][INFO]: resolved localhost to ["::1","127.0.0.1"]
[1746585602.327][DEBUG]: DevTools WebSocket Command: Target.getTargets (id=1) (session_id=) browser {
   "filter": [ {
      "exclude": true,
      "type": "browser"
   }, {
      "exclude": true,
      "type": "page"
   }, {
      "exclude": false
   } ]
}
[1746585602.328][DEBUG]: DevTools WebSocket Response: Target.getTargets (id=1) (session_id=) browser {
   "targetInfos": [ {
      "attached": false,
      "browserContextId": "1A33ED7E0BDD5E24A1498BB9D9216CA3",
      "canAccessOpener": false,
      "targetId": "6C66B68B4BD25420B92EDEBE0B83C4F3",
      "title": "",
      "type": "tab",
      "url": "data:,"
   } ]
}
[1746585602.328][DEBUG]: DevTools WebSocket Command: Target.attachToTarget (id=2) (session_id=) browser {
   "flatten": true,
   "targetId": "6C66B68B4BD25420B92EDEBE0B83C4F3"
}
[1746585602.331][DEBUG]: DevTools WebSocket Event: Target.attachedToTarget (session_id=) browser {
   "sessionId": "5DE23801F1ABE7711F9A03E935A0FB2E",
   "targetInfo": {
      "attached": true,
      "browserContextId": "1A33ED7E0BDD5E24A1498BB9D9216CA3",
      "canAccessOpener": false,
      "targetId": "6C66B68B4BD25420B92EDEBE0B83C4F3",
      "title": "data:,",
      "type": "tab",
      "url": "data:,"
   },
   "waitingForDebugger": false
}
[1746585602.331][DEBUG]: DevTools WebSocket Response: Target.attachToTarget (id=2) (session_id=) browser {
   "sessionId": "5DE23801F1ABE7711F9A03E935A0FB2E"
}
[1746585602.331][DEBUG]: DevTools WebSocket Command: Target.setAutoAttach (id=3) (session_id=5DE23801F1ABE7711F9A03E935A0FB2E) 6C66B68B4BD25420B92EDEBE0B83C4F3 {
   "autoAttach": true,
   "flatten": true,
   "waitForDebuggerOnStart": false
}
[1746585602.332][DEBUG]: DevTools WebSocket Event: Target.attachedToTarget (session_id=5DE23801F1ABE7711F9A03E935A0FB2E) 6C66B68B4BD25420B92EDEBE0B83C4F3 {
   "sessionId": "F9307487F1E6096DE4B3CD9919476045",
   "targetInfo": {
      "attached": true,
      "browserContextId": "1A33ED7E0BDD5E24A1498BB9D9216CA3",
      "canAccessOpener": false,
      "targetId": "B1B46EBFDF086263709CE53F61DFB105",
      "title": "data:,",
      "type": "page",
      "url": "data:,"
   },
   "waitingForDebugger": false
}
[1746585602.332][DEBUG]: DevTools WebSocket Command: Page.enable (id=4) (session_id=F9307487F1E6096DE4B3CD9919476045) B1B46EBFDF086263709CE53F61DFB105 {
}
[1746585602.332][DEBUG]: DevTools WebSocket Command: Page.addScriptToEvaluateOnNewDocument (id=5) (session_id=F9307487F1E6096DE4B3CD9919476045) B1B46EBFDF086263709CE53F61DFB105 {
   "source": "(function () {window.cdc_adoQpoasnfa76pfcZLmcfl_Array = window.Array;window.cdc_adoQpoasnfa76pfcZLmcfl_Object = window.Object;window.cdc_adoQpoasnfa76pfcZLmcfl_Promise = window.Promise;window.cdc_a..."
}
[1746585602.332][DEBUG]: DevTools WebSocket Command: Runtime.evaluate (id=6) (session_id=F9307487F1E6096DE4B3CD9919476045) B1B46EBFDF086263709CE53F61DFB105 {
   "expression": "(function () {window.cdc_adoQpoasnfa76pfcZLmcfl_Array = window.Array;window.cdc_adoQpoasnfa76pfcZLmcfl_Object = window.Object;window.cdc_adoQpoasnfa76pfcZLmcfl_Promise = window.Promise;window.cdc_a..."
}
[1746585602.333][DEBUG]: DevTools WebSocket Command: Log.enable (id=7) (session_id=F9307487F1E6096DE4B3CD9919476045) B1B46EBFDF086263709CE53F61DFB105 {
}
[1746585602.333][DEBUG]: DevTools WebSocket Command: Target.setAutoAttach (id=8) (session_id=F9307487F1E6096DE4B3CD9919476045) B1B46EBFDF086263709CE53F61DFB105 {
   "autoAttach": true,
   "flatten": true,
   "waitForDebuggerOnStart": false
}
[1746585602.333][DEBUG]: DevTools WebSocket Response: Target.setAutoAttach (id=3) (session_id=5DE23801F1ABE7711F9A03E935A0FB2E) 6C66B68B4BD25420B92EDEBE0B83C4F3 {
}
[1746585602.337][DEBUG]: DevTools WebSocket Response: Page.enable (id=4) (session_id=F9307487F1E6096DE4B3CD9919476045) B1B46EBFDF086263709CE53F61DFB105 {
}
[1746585602.337][DEBUG]: DevTools WebSocket Response: Page.addScriptToEvaluateOnNewDocument (id=5) (session_id=F9307487F1E6096DE4B3CD9919476045) B1B46EBFDF086263709CE53F61DFB105 {
   "identifier": "1"
}
[1746585602.337][DEBUG]: DevTools WebSocket Response: Runtime.evaluate (id=6) (session_id=F9307487F1E6096DE4B3CD9919476045) B1B46EBFDF086263709CE53F61DFB105 {
   "result": {
      "type": "undefined"
   }
}
[1746585602.337][DEBUG]: DevTools WebSocket Response: Log.enable (id=7) (session_id=F9307487F1E6096DE4B3CD9919476045) B1B46EBFDF086263709CE53F61DFB105 {
}
[1746585602.337][DEBUG]: DevTools WebSocket Response: Target.setAutoAttach (id=8) (session_id=F9307487F1E6096DE4B3CD9919476045) B1B46EBFDF086263709CE53F61DFB105 {
}
[1746585602.337][DEBUG]: DevTools WebSocket Command: Runtime.enable (id=9) (session_id=F9307487F1E6096DE4B3CD9919476045) B1B46EBFDF086263709CE53F61DFB105 {
}
[1746585602.356][DEBUG]: DevTools WebSocket Event: Runtime.executionContextCreated (session_id=F9307487F1E6096DE4B3CD9919476045) B1B46EBFDF086263709CE53F61DFB105 {
   "context": {
      "auxData": {
         "frameId": "B1B46EBFDF086263709CE53F61DFB105",
         "isDefault": true,
         "type": "default"
      },
      "id": 1,
      "name": "",
      "origin": "://",
      "uniqueId": "-5682355917276733844.-8678047812590543344"
   }
}
[1746585602.356][DEBUG]: DevTools WebSocket Response: Runtime.enable (id=9) (session_id=F9307487F1E6096DE4B3CD9919476045) B1B46EBFDF086263709CE53F61DFB105 {
}
[1746585602.356][DEBUG]: DevTools WebSocket Command: Runtime.enable (id=10) (session_id=F9307487F1E6096DE4B3CD9919476045) B1B46EBFDF086263709CE53F61DFB105 {
}
[1746585602.358][DEBUG]: DevTools WebSocket Response: Runtime.enable (id=10) (session_id=F9307487F1E6096DE4B3CD9919476045) B1B46EBFDF086263709CE53F61DFB105 {
}
[1746585602.359][INFO]: [8f406c4e2b1aac27362d426f6d0a0e71] RESPONSE InitSession {
   "capabilities": {
      "acceptInsecureCerts": false,
      "browserName": "chrome",
      "browserVersion": "136.0.7103.49",
      "chrome": {
         "chromedriverVersion": "136.0.7103.92 (cb81a4cc5087a8303a6c8827ee2b80b71d26e334-refs/branch-heads/7103@{#1840})",
         "userDataDir": "/var/folders/dy/8cn77z1s0_l2dz7q_3qr3j2c0000gn/T/.org.chromium.Chromium.PvZUsd"
      },
      "fedcm:accounts": true,
      "goog:chromeOptions": {
         "debuggerAddress": "localhost:51006"
      },
      "networkConnectionEnabled": false,
      "pageLoadStrategy": "normal",
      "platformName": "mac",
      "proxy": {
      },
      "setWindowRect": true,
      "strictFileInteractability": false,
      "timeouts": {
         "implicit": 0,
         "pageLoad": 300000,
         "script": 30000
      },
      "unhandledPromptBehavior": "dismiss and notify",
      "webauthn:extension:credBlob": true,
      "webauthn:extension:largeBlob": true,
      "webauthn:extension:minPinLength": true,
      "webauthn:extension:prf": true,
      "webauthn:virtualAuthenticators": true
   },
   "sessionId": "8f406c4e2b1aac27362d426f6d0a0e71"
}
Created TensorFlow Lite XNNPACK delegate for CPU.
Attempting to use a delegate that only supports static-sized tensors with a graph that has dynamic-sized tensors (tensor#-1 is a dynamic-sized tensor).
[1746585667.193][INFO]: [8f406c4e2b1aac27362d426f6d0a0e71] COMMAND Quit {
}
[1746585667.248][INFO]: [8f406c4e2b1aac27362d426f6d0a0e71] RESPONSE Quit
[1746585667.248][DEBUG]: Log type 'driver' lost 0 entries on destruction
[1746585667.248][DEBUG]: Log type 'browser' lost 0 entries on destruction
